2021-01-14 19:55:32,325 INFO    MainThread:714989 [internal.py:wandb_internal():64] W&B internal server running at pid: 714989
2021-01-14 19:55:32,326 DEBUG   HandlerThread:714989 [handler.py:handle_request():55] handle_request: check_version
2021-01-14 19:55:32,326 DEBUG   SenderThread:714989 [sender.py:send():117] send: header
2021-01-14 19:55:32,326 DEBUG   SenderThread:714989 [sender.py:send():117] send: request
2021-01-14 19:55:32,326 DEBUG   SenderThread:714989 [sender.py:send_request():126] send_request: check_version
2021-01-14 19:55:32,326 INFO    WriterThread:714989 [datastore.py:open_for_write():77] open: /home/whiteashes/Project/FedML/fedml_experiments/standalone/fedavg/wandb/run-20210114_195532-2r16gy00/run-2r16gy00.wandb
2021-01-14 19:55:32,328 DEBUG   Thread-4  :714989 [connectionpool.py:_new_conn():975] Starting new HTTPS connection (1): pypi.org:443
2021-01-14 19:55:32,330 DEBUG   SenderThread:714989 [sender.py:send():117] send: run
2021-01-14 19:55:32,333 DEBUG   SenderThread:714989 [git.py:repo():31] git repository is invalid
2021-01-14 19:55:32,335 DEBUG   SenderThread:714989 [connectionpool.py:_new_conn():975] Starting new HTTPS connection (1): api.wandb.ai:443
2021-01-14 19:55:33,358 DEBUG   SenderThread:714989 [connectionpool.py:_new_conn():975] Starting new HTTPS connection (1): api.wandb.ai:443
2021-01-14 19:55:35,446 DEBUG   SenderThread:714989 [connectionpool.py:_new_conn():975] Starting new HTTPS connection (1): api.wandb.ai:443
2021-01-14 19:55:35,448 ERROR   SenderThread:714989 [retry.py:__call__():111] Retry attempt failed:
Traceback (most recent call last):
  File "/home/whiteashes/anaconda3/envs/fedml/lib/python3.7/site-packages/urllib3/connection.py", line 170, in _new_conn
    (self._dns_host, self.port), self.timeout, **extra_kw
  File "/home/whiteashes/anaconda3/envs/fedml/lib/python3.7/site-packages/urllib3/util/connection.py", line 73, in create_connection
    for res in socket.getaddrinfo(host, port, family, socket.SOCK_STREAM):
  File "/home/whiteashes/anaconda3/envs/fedml/lib/python3.7/socket.py", line 748, in getaddrinfo
    for res in _socket.getaddrinfo(host, port, family, type, proto, flags):
socket.gaierror: [Errno -3] Temporary failure in name resolution

During handling of the above exception, another exception occurred:

Traceback (most recent call last):
  File "/home/whiteashes/anaconda3/envs/fedml/lib/python3.7/site-packages/urllib3/connectionpool.py", line 696, in urlopen
    self._prepare_proxy(conn)
  File "/home/whiteashes/anaconda3/envs/fedml/lib/python3.7/site-packages/urllib3/connectionpool.py", line 964, in _prepare_proxy
    conn.connect()
  File "/home/whiteashes/anaconda3/envs/fedml/lib/python3.7/site-packages/urllib3/connection.py", line 353, in connect
    conn = self._new_conn()
  File "/home/whiteashes/anaconda3/envs/fedml/lib/python3.7/site-packages/urllib3/connection.py", line 182, in _new_conn
    self, "Failed to establish a new connection: %s" % e
urllib3.exceptions.NewConnectionError: <urllib3.connection.HTTPSConnection object at 0x7fd7637e4810>: Failed to establish a new connection: [Errno -3] Temporary failure in name resolution

During handling of the above exception, another exception occurred:

Traceback (most recent call last):
  File "/home/whiteashes/anaconda3/envs/fedml/lib/python3.7/site-packages/requests/adapters.py", line 449, in send
    timeout=timeout
  File "/home/whiteashes/anaconda3/envs/fedml/lib/python3.7/site-packages/urllib3/connectionpool.py", line 756, in urlopen
    method, url, error=e, _pool=self, _stacktrace=sys.exc_info()[2]
  File "/home/whiteashes/anaconda3/envs/fedml/lib/python3.7/site-packages/urllib3/util/retry.py", line 573, in increment
    raise MaxRetryError(_pool, url, error or ResponseError(cause))
urllib3.exceptions.MaxRetryError: HTTPSConnectionPool(host='api.wandb.ai', port=443): Max retries exceeded with url: /graphql (Caused by ProxyError('Cannot connect to proxy.', NewConnectionError('<urllib3.connection.HTTPSConnection object at 0x7fd7637e4810>: Failed to establish a new connection: [Errno -3] Temporary failure in name resolution')))

During handling of the above exception, another exception occurred:

Traceback (most recent call last):
  File "/home/whiteashes/anaconda3/envs/fedml/lib/python3.7/site-packages/wandb/old/retry.py", line 96, in __call__
    result = self._call_fn(*args, **kwargs)
  File "/home/whiteashes/anaconda3/envs/fedml/lib/python3.7/site-packages/wandb/sdk/internal/internal_api.py", line 131, in execute
    return self.client.execute(*args, **kwargs)
  File "/home/whiteashes/anaconda3/envs/fedml/lib/python3.7/site-packages/wandb/vendor/gql-0.2.0/gql/client.py", line 52, in execute
    result = self._get_result(document, *args, **kwargs)
  File "/home/whiteashes/anaconda3/envs/fedml/lib/python3.7/site-packages/wandb/vendor/gql-0.2.0/gql/client.py", line 60, in _get_result
    return self.transport.execute(document, *args, **kwargs)
  File "/home/whiteashes/anaconda3/envs/fedml/lib/python3.7/site-packages/wandb/vendor/gql-0.2.0/gql/transport/requests.py", line 38, in execute
    request = requests.post(self.url, **post_args)
  File "/home/whiteashes/anaconda3/envs/fedml/lib/python3.7/site-packages/requests/api.py", line 119, in post
    return request('post', url, data=data, json=json, **kwargs)
  File "/home/whiteashes/anaconda3/envs/fedml/lib/python3.7/site-packages/requests/api.py", line 61, in request
    return session.request(method=method, url=url, **kwargs)
  File "/home/whiteashes/anaconda3/envs/fedml/lib/python3.7/site-packages/requests/sessions.py", line 542, in request
    resp = self.send(prep, **send_kwargs)
  File "/home/whiteashes/anaconda3/envs/fedml/lib/python3.7/site-packages/requests/sessions.py", line 655, in send
    r = adapter.send(request, **kwargs)
  File "/home/whiteashes/anaconda3/envs/fedml/lib/python3.7/site-packages/requests/adapters.py", line 510, in send
    raise ProxyError(e, request=request)
requests.exceptions.ProxyError: HTTPSConnectionPool(host='api.wandb.ai', port=443): Max retries exceeded with url: /graphql (Caused by ProxyError('Cannot connect to proxy.', NewConnectionError('<urllib3.connection.HTTPSConnection object at 0x7fd7637e4810>: Failed to establish a new connection: [Errno -3] Temporary failure in name resolution')))
2021-01-14 19:55:39,154 WARNING MainThread:714989 [internal.py:wandb_internal():118] Internal process interrupt: 1
2021-01-14 19:55:40,181 DEBUG   SenderThread:714989 [connectionpool.py:_new_conn():975] Starting new HTTPS connection (1): api.wandb.ai:443
2021-01-14 19:55:41,131 WARNING MainThread:714989 [internal.py:wandb_internal():118] Internal process interrupt: 2
2021-01-14 19:55:41,132 ERROR   MainThread:714989 [internal.py:wandb_internal():121] Internal process interrupted.
2021-01-14 19:55:41,332 INFO    WriterThread:714989 [datastore.py:close():258] close: /home/whiteashes/Project/FedML/fedml_experiments/standalone/fedavg/wandb/run-20210114_195532-2r16gy00/run-2r16gy00.wandb
2021-01-14 19:55:41,341 INFO    HandlerThread:714989 [handler.py:finish():274] shutting down handler
2021-01-14 19:55:49,110 DEBUG   SenderThread:714989 [connectionpool.py:_new_conn():975] Starting new HTTPS connection (1): api.wandb.ai:443
2021-01-14 19:56:07,252 DEBUG   SenderThread:714989 [connectionpool.py:_new_conn():975] Starting new HTTPS connection (1): api.wandb.ai:443
2021-01-14 19:56:44,027 DEBUG   SenderThread:714989 [connectionpool.py:_new_conn():975] Starting new HTTPS connection (1): api.wandb.ai:443
2021-01-14 19:58:02,074 DEBUG   SenderThread:714989 [connectionpool.py:_new_conn():975] Starting new HTTPS connection (1): api.wandb.ai:443
2021-01-14 20:00:40,701 DEBUG   SenderThread:714989 [connectionpool.py:_new_conn():975] Starting new HTTPS connection (1): api.wandb.ai:443
2021-01-14 20:05:12,789 DEBUG   SenderThread:714989 [connectionpool.py:_new_conn():975] Starting new HTTPS connection (1): api.wandb.ai:443
2021-01-14 20:10:41,187 DEBUG   SenderThread:714989 [connectionpool.py:_new_conn():975] Starting new HTTPS connection (1): api.wandb.ai:443
2021-01-14 20:15:54,480 DEBUG   SenderThread:714989 [connectionpool.py:_new_conn():975] Starting new HTTPS connection (1): api.wandb.ai:443
2021-01-14 20:21:28,608 DEBUG   SenderThread:714989 [connectionpool.py:_new_conn():975] Starting new HTTPS connection (1): api.wandb.ai:443
2021-01-14 20:26:29,357 DEBUG   SenderThread:714989 [connectionpool.py:_new_conn():975] Starting new HTTPS connection (1): api.wandb.ai:443
2021-01-14 20:32:10,970 DEBUG   SenderThread:714989 [connectionpool.py:_new_conn():975] Starting new HTTPS connection (1): api.wandb.ai:443
2021-01-14 20:37:28,446 DEBUG   SenderThread:714989 [connectionpool.py:_new_conn():975] Starting new HTTPS connection (1): api.wandb.ai:443
2021-01-14 20:42:58,994 DEBUG   SenderThread:714989 [connectionpool.py:_new_conn():975] Starting new HTTPS connection (1): api.wandb.ai:443
2021-01-14 20:48:31,422 DEBUG   SenderThread:714989 [connectionpool.py:_new_conn():975] Starting new HTTPS connection (1): api.wandb.ai:443
2021-01-14 20:54:43,250 DEBUG   SenderThread:714989 [connectionpool.py:_new_conn():975] Starting new HTTPS connection (1): api.wandb.ai:443
2021-01-14 21:00:49,098 DEBUG   SenderThread:714989 [connectionpool.py:_new_conn():975] Starting new HTTPS connection (1): api.wandb.ai:443
2021-01-14 21:06:47,135 DEBUG   SenderThread:714989 [connectionpool.py:_new_conn():975] Starting new HTTPS connection (1): api.wandb.ai:443
2021-01-14 21:12:36,830 DEBUG   SenderThread:714989 [connectionpool.py:_new_conn():975] Starting new HTTPS connection (1): api.wandb.ai:443
2021-01-14 21:18:25,510 DEBUG   SenderThread:714989 [connectionpool.py:_new_conn():975] Starting new HTTPS connection (1): api.wandb.ai:443
2021-01-14 21:24:24,979 DEBUG   SenderThread:714989 [connectionpool.py:_new_conn():975] Starting new HTTPS connection (1): api.wandb.ai:443
2021-01-14 21:30:08,917 DEBUG   SenderThread:714989 [connectionpool.py:_new_conn():975] Starting new HTTPS connection (1): api.wandb.ai:443
2021-01-14 21:35:09,018 DEBUG   SenderThread:714989 [connectionpool.py:_new_conn():975] Starting new HTTPS connection (1): api.wandb.ai:443
2021-01-14 21:41:07,119 DEBUG   SenderThread:714989 [connectionpool.py:_new_conn():975] Starting new HTTPS connection (1): api.wandb.ai:443
2021-01-14 21:47:21,190 DEBUG   SenderThread:714989 [connectionpool.py:_new_conn():975] Starting new HTTPS connection (1): api.wandb.ai:443
2021-01-14 21:52:50,841 DEBUG   SenderThread:714989 [connectionpool.py:_new_conn():975] Starting new HTTPS connection (1): api.wandb.ai:443
2021-01-14 21:58:51,598 DEBUG   SenderThread:714989 [connectionpool.py:_new_conn():975] Starting new HTTPS connection (1): api.wandb.ai:443
2021-01-14 22:04:39,090 DEBUG   SenderThread:714989 [connectionpool.py:_new_conn():975] Starting new HTTPS connection (1): api.wandb.ai:443
2021-01-14 22:10:42,246 DEBUG   SenderThread:714989 [connectionpool.py:_new_conn():975] Starting new HTTPS connection (1): api.wandb.ai:443
2021-01-14 22:16:41,560 DEBUG   SenderThread:714989 [connectionpool.py:_new_conn():975] Starting new HTTPS connection (1): api.wandb.ai:443
2021-01-14 22:21:54,140 DEBUG   SenderThread:714989 [connectionpool.py:_new_conn():975] Starting new HTTPS connection (1): api.wandb.ai:443
2021-01-14 22:27:41,104 DEBUG   SenderThread:714989 [connectionpool.py:_new_conn():975] Starting new HTTPS connection (1): api.wandb.ai:443
2021-01-14 22:33:25,874 DEBUG   SenderThread:714989 [connectionpool.py:_new_conn():975] Starting new HTTPS connection (1): api.wandb.ai:443
2021-01-14 22:38:45,227 DEBUG   SenderThread:714989 [connectionpool.py:_new_conn():975] Starting new HTTPS connection (1): api.wandb.ai:443
2021-01-14 22:44:46,511 DEBUG   SenderThread:714989 [connectionpool.py:_new_conn():975] Starting new HTTPS connection (1): api.wandb.ai:443
2021-01-14 22:50:32,222 DEBUG   SenderThread:714989 [connectionpool.py:_new_conn():975] Starting new HTTPS connection (1): api.wandb.ai:443
2021-01-14 22:56:21,980 DEBUG   SenderThread:714989 [connectionpool.py:_new_conn():975] Starting new HTTPS connection (1): api.wandb.ai:443
2021-01-14 23:02:26,846 DEBUG   SenderThread:714989 [connectionpool.py:_new_conn():975] Starting new HTTPS connection (1): api.wandb.ai:443
2021-01-14 23:07:49,632 DEBUG   SenderThread:714989 [connectionpool.py:_new_conn():975] Starting new HTTPS connection (1): api.wandb.ai:443
2021-01-14 23:13:48,654 DEBUG   SenderThread:714989 [connectionpool.py:_new_conn():975] Starting new HTTPS connection (1): api.wandb.ai:443
2021-01-14 23:18:50,147 DEBUG   SenderThread:714989 [connectionpool.py:_new_conn():975] Starting new HTTPS connection (1): api.wandb.ai:443
2021-01-14 23:24:47,234 DEBUG   SenderThread:714989 [connectionpool.py:_new_conn():975] Starting new HTTPS connection (1): api.wandb.ai:443
2021-01-14 23:29:58,414 DEBUG   SenderThread:714989 [connectionpool.py:_new_conn():975] Starting new HTTPS connection (1): api.wandb.ai:443
2021-01-14 23:35:38,507 DEBUG   SenderThread:714989 [connectionpool.py:_new_conn():975] Starting new HTTPS connection (1): api.wandb.ai:443
2021-01-14 23:41:30,568 DEBUG   SenderThread:714989 [connectionpool.py:_new_conn():975] Starting new HTTPS connection (1): api.wandb.ai:443
2021-01-14 23:47:27,331 DEBUG   SenderThread:714989 [connectionpool.py:_new_conn():975] Starting new HTTPS connection (1): api.wandb.ai:443
2021-01-14 23:52:56,605 DEBUG   SenderThread:714989 [connectionpool.py:_new_conn():975] Starting new HTTPS connection (1): api.wandb.ai:443
2021-01-14 23:58:08,623 DEBUG   SenderThread:714989 [connectionpool.py:_new_conn():975] Starting new HTTPS connection (1): api.wandb.ai:443
2021-01-15 00:03:25,594 DEBUG   SenderThread:714989 [connectionpool.py:_new_conn():975] Starting new HTTPS connection (1): api.wandb.ai:443
2021-01-15 00:08:38,535 DEBUG   SenderThread:714989 [connectionpool.py:_new_conn():975] Starting new HTTPS connection (1): api.wandb.ai:443
2021-01-15 00:13:49,001 DEBUG   SenderThread:714989 [connectionpool.py:_new_conn():975] Starting new HTTPS connection (1): api.wandb.ai:443
2021-01-15 00:19:37,186 DEBUG   SenderThread:714989 [connectionpool.py:_new_conn():975] Starting new HTTPS connection (1): api.wandb.ai:443
2021-01-15 00:25:15,816 DEBUG   SenderThread:714989 [connectionpool.py:_new_conn():975] Starting new HTTPS connection (1): api.wandb.ai:443
2021-01-15 00:30:27,651 DEBUG   SenderThread:714989 [connectionpool.py:_new_conn():975] Starting new HTTPS connection (1): api.wandb.ai:443
2021-01-15 00:35:44,335 DEBUG   SenderThread:714989 [connectionpool.py:_new_conn():975] Starting new HTTPS connection (1): api.wandb.ai:443
2021-01-15 00:41:09,015 DEBUG   SenderThread:714989 [connectionpool.py:_new_conn():975] Starting new HTTPS connection (1): api.wandb.ai:443
2021-01-15 00:46:28,811 DEBUG   SenderThread:714989 [connectionpool.py:_new_conn():975] Starting new HTTPS connection (1): api.wandb.ai:443
2021-01-15 00:52:02,562 DEBUG   SenderThread:714989 [connectionpool.py:_new_conn():975] Starting new HTTPS connection (1): api.wandb.ai:443
2021-01-15 00:57:39,868 DEBUG   SenderThread:714989 [connectionpool.py:_new_conn():975] Starting new HTTPS connection (1): api.wandb.ai:443
2021-01-15 01:03:23,515 DEBUG   SenderThread:714989 [connectionpool.py:_new_conn():975] Starting new HTTPS connection (1): api.wandb.ai:443
2021-01-15 01:08:36,273 DEBUG   SenderThread:714989 [connectionpool.py:_new_conn():975] Starting new HTTPS connection (1): api.wandb.ai:443
2021-01-15 01:13:58,010 DEBUG   SenderThread:714989 [connectionpool.py:_new_conn():975] Starting new HTTPS connection (1): api.wandb.ai:443
2021-01-15 01:19:22,402 DEBUG   SenderThread:714989 [connectionpool.py:_new_conn():975] Starting new HTTPS connection (1): api.wandb.ai:443
2021-01-15 01:24:57,412 DEBUG   SenderThread:714989 [connectionpool.py:_new_conn():975] Starting new HTTPS connection (1): api.wandb.ai:443
2021-01-15 01:31:00,248 DEBUG   SenderThread:714989 [connectionpool.py:_new_conn():975] Starting new HTTPS connection (1): api.wandb.ai:443
2021-01-15 01:37:03,274 DEBUG   SenderThread:714989 [connectionpool.py:_new_conn():975] Starting new HTTPS connection (1): api.wandb.ai:443
2021-01-15 01:42:19,190 DEBUG   SenderThread:714989 [connectionpool.py:_new_conn():975] Starting new HTTPS connection (1): api.wandb.ai:443
2021-01-15 01:47:51,918 DEBUG   SenderThread:714989 [connectionpool.py:_new_conn():975] Starting new HTTPS connection (1): api.wandb.ai:443
2021-01-15 01:53:46,456 DEBUG   SenderThread:714989 [connectionpool.py:_new_conn():975] Starting new HTTPS connection (1): api.wandb.ai:443
2021-01-15 01:58:59,450 DEBUG   SenderThread:714989 [connectionpool.py:_new_conn():975] Starting new HTTPS connection (1): api.wandb.ai:443
2021-01-15 02:05:11,001 DEBUG   SenderThread:714989 [connectionpool.py:_new_conn():975] Starting new HTTPS connection (1): api.wandb.ai:443
2021-01-15 02:10:46,932 DEBUG   SenderThread:714989 [connectionpool.py:_new_conn():975] Starting new HTTPS connection (1): api.wandb.ai:443
2021-01-15 02:16:19,346 DEBUG   SenderThread:714989 [connectionpool.py:_new_conn():975] Starting new HTTPS connection (1): api.wandb.ai:443
2021-01-15 02:22:33,045 DEBUG   SenderThread:714989 [connectionpool.py:_new_conn():975] Starting new HTTPS connection (1): api.wandb.ai:443
2021-01-15 02:28:33,822 DEBUG   SenderThread:714989 [connectionpool.py:_new_conn():975] Starting new HTTPS connection (1): api.wandb.ai:443
2021-01-15 02:34:17,723 DEBUG   SenderThread:714989 [connectionpool.py:_new_conn():975] Starting new HTTPS connection (1): api.wandb.ai:443
2021-01-15 02:39:24,272 DEBUG   SenderThread:714989 [connectionpool.py:_new_conn():975] Starting new HTTPS connection (1): api.wandb.ai:443
2021-01-15 02:45:37,286 DEBUG   SenderThread:714989 [connectionpool.py:_new_conn():975] Starting new HTTPS connection (1): api.wandb.ai:443
2021-01-15 02:50:43,383 DEBUG   SenderThread:714989 [connectionpool.py:_new_conn():975] Starting new HTTPS connection (1): api.wandb.ai:443
2021-01-15 02:56:22,007 DEBUG   SenderThread:714989 [connectionpool.py:_new_conn():975] Starting new HTTPS connection (1): api.wandb.ai:443
2021-01-15 03:02:31,228 DEBUG   SenderThread:714989 [connectionpool.py:_new_conn():975] Starting new HTTPS connection (1): api.wandb.ai:443
2021-01-15 03:08:41,093 DEBUG   SenderThread:714989 [connectionpool.py:_new_conn():975] Starting new HTTPS connection (1): api.wandb.ai:443
2021-01-15 03:13:42,122 DEBUG   SenderThread:714989 [connectionpool.py:_new_conn():975] Starting new HTTPS connection (1): api.wandb.ai:443
2021-01-15 03:19:55,922 DEBUG   SenderThread:714989 [connectionpool.py:_new_conn():975] Starting new HTTPS connection (1): api.wandb.ai:443
2021-01-15 03:25:02,227 DEBUG   SenderThread:714989 [connectionpool.py:_new_conn():975] Starting new HTTPS connection (1): api.wandb.ai:443
2021-01-15 03:30:13,975 DEBUG   SenderThread:714989 [connectionpool.py:_new_conn():975] Starting new HTTPS connection (1): api.wandb.ai:443
2021-01-15 03:36:15,806 DEBUG   SenderThread:714989 [connectionpool.py:_new_conn():975] Starting new HTTPS connection (1): api.wandb.ai:443
2021-01-15 03:42:02,321 DEBUG   SenderThread:714989 [connectionpool.py:_new_conn():975] Starting new HTTPS connection (1): api.wandb.ai:443
2021-01-15 03:47:12,589 DEBUG   SenderThread:714989 [connectionpool.py:_new_conn():975] Starting new HTTPS connection (1): api.wandb.ai:443
2021-01-15 03:53:18,760 DEBUG   SenderThread:714989 [connectionpool.py:_new_conn():975] Starting new HTTPS connection (1): api.wandb.ai:443
2021-01-15 03:59:21,352 DEBUG   SenderThread:714989 [connectionpool.py:_new_conn():975] Starting new HTTPS connection (1): api.wandb.ai:443
2021-01-15 04:04:41,406 DEBUG   SenderThread:714989 [connectionpool.py:_new_conn():975] Starting new HTTPS connection (1): api.wandb.ai:443
2021-01-15 04:10:09,417 DEBUG   SenderThread:714989 [connectionpool.py:_new_conn():975] Starting new HTTPS connection (1): api.wandb.ai:443
2021-01-15 04:15:35,235 DEBUG   SenderThread:714989 [connectionpool.py:_new_conn():975] Starting new HTTPS connection (1): api.wandb.ai:443
2021-01-15 04:20:48,944 DEBUG   SenderThread:714989 [connectionpool.py:_new_conn():975] Starting new HTTPS connection (1): api.wandb.ai:443
2021-01-15 04:27:02,795 DEBUG   SenderThread:714989 [connectionpool.py:_new_conn():975] Starting new HTTPS connection (1): api.wandb.ai:443
2021-01-15 04:33:13,127 DEBUG   SenderThread:714989 [connectionpool.py:_new_conn():975] Starting new HTTPS connection (1): api.wandb.ai:443
2021-01-15 04:39:14,273 DEBUG   SenderThread:714989 [connectionpool.py:_new_conn():975] Starting new HTTPS connection (1): api.wandb.ai:443
2021-01-15 04:44:40,544 DEBUG   SenderThread:714989 [connectionpool.py:_new_conn():975] Starting new HTTPS connection (1): api.wandb.ai:443
2021-01-15 04:50:01,905 DEBUG   SenderThread:714989 [connectionpool.py:_new_conn():975] Starting new HTTPS connection (1): api.wandb.ai:443
2021-01-15 04:55:33,428 DEBUG   SenderThread:714989 [connectionpool.py:_new_conn():975] Starting new HTTPS connection (1): api.wandb.ai:443
2021-01-15 05:01:05,114 DEBUG   SenderThread:714989 [connectionpool.py:_new_conn():975] Starting new HTTPS connection (1): api.wandb.ai:443
2021-01-15 05:06:46,676 DEBUG   SenderThread:714989 [connectionpool.py:_new_conn():975] Starting new HTTPS connection (1): api.wandb.ai:443
2021-01-15 05:12:25,102 DEBUG   SenderThread:714989 [connectionpool.py:_new_conn():975] Starting new HTTPS connection (1): api.wandb.ai:443
2021-01-15 05:18:04,625 DEBUG   SenderThread:714989 [connectionpool.py:_new_conn():975] Starting new HTTPS connection (1): api.wandb.ai:443
2021-01-15 05:23:51,897 DEBUG   SenderThread:714989 [connectionpool.py:_new_conn():975] Starting new HTTPS connection (1): api.wandb.ai:443
2021-01-15 05:30:00,822 DEBUG   SenderThread:714989 [connectionpool.py:_new_conn():975] Starting new HTTPS connection (1): api.wandb.ai:443
2021-01-15 05:35:53,537 DEBUG   SenderThread:714989 [connectionpool.py:_new_conn():975] Starting new HTTPS connection (1): api.wandb.ai:443
2021-01-15 05:41:09,701 DEBUG   SenderThread:714989 [connectionpool.py:_new_conn():975] Starting new HTTPS connection (1): api.wandb.ai:443
2021-01-15 05:47:13,618 DEBUG   SenderThread:714989 [connectionpool.py:_new_conn():975] Starting new HTTPS connection (1): api.wandb.ai:443
2021-01-15 05:52:57,010 DEBUG   SenderThread:714989 [connectionpool.py:_new_conn():975] Starting new HTTPS connection (1): api.wandb.ai:443
2021-01-15 05:58:26,378 DEBUG   SenderThread:714989 [connectionpool.py:_new_conn():975] Starting new HTTPS connection (1): api.wandb.ai:443
2021-01-15 06:04:17,086 DEBUG   SenderThread:714989 [connectionpool.py:_new_conn():975] Starting new HTTPS connection (1): api.wandb.ai:443
2021-01-15 06:10:17,040 DEBUG   SenderThread:714989 [connectionpool.py:_new_conn():975] Starting new HTTPS connection (1): api.wandb.ai:443
2021-01-15 06:16:18,800 DEBUG   SenderThread:714989 [connectionpool.py:_new_conn():975] Starting new HTTPS connection (1): api.wandb.ai:443
2021-01-15 06:21:22,274 DEBUG   SenderThread:714989 [connectionpool.py:_new_conn():975] Starting new HTTPS connection (1): api.wandb.ai:443
2021-01-15 06:26:50,362 DEBUG   SenderThread:714989 [connectionpool.py:_new_conn():975] Starting new HTTPS connection (1): api.wandb.ai:443
2021-01-15 06:32:23,066 DEBUG   SenderThread:714989 [connectionpool.py:_new_conn():975] Starting new HTTPS connection (1): api.wandb.ai:443
2021-01-15 06:37:30,733 DEBUG   SenderThread:714989 [connectionpool.py:_new_conn():975] Starting new HTTPS connection (1): api.wandb.ai:443
2021-01-15 06:43:33,107 DEBUG   SenderThread:714989 [connectionpool.py:_new_conn():975] Starting new HTTPS connection (1): api.wandb.ai:443
2021-01-15 06:48:48,955 DEBUG   SenderThread:714989 [connectionpool.py:_new_conn():975] Starting new HTTPS connection (1): api.wandb.ai:443
2021-01-15 06:54:16,756 DEBUG   SenderThread:714989 [connectionpool.py:_new_conn():975] Starting new HTTPS connection (1): api.wandb.ai:443
2021-01-15 07:00:00,750 DEBUG   SenderThread:714989 [connectionpool.py:_new_conn():975] Starting new HTTPS connection (1): api.wandb.ai:443
2021-01-15 07:05:27,874 DEBUG   SenderThread:714989 [connectionpool.py:_new_conn():975] Starting new HTTPS connection (1): api.wandb.ai:443
2021-01-15 07:10:29,121 DEBUG   SenderThread:714989 [connectionpool.py:_new_conn():975] Starting new HTTPS connection (1): api.wandb.ai:443
2021-01-15 07:15:54,800 DEBUG   SenderThread:714989 [connectionpool.py:_new_conn():975] Starting new HTTPS connection (1): api.wandb.ai:443
2021-01-15 07:21:29,396 DEBUG   SenderThread:714989 [connectionpool.py:_new_conn():975] Starting new HTTPS connection (1): api.wandb.ai:443
2021-01-15 07:27:19,518 DEBUG   SenderThread:714989 [connectionpool.py:_new_conn():975] Starting new HTTPS connection (1): api.wandb.ai:443
2021-01-15 07:33:06,267 DEBUG   SenderThread:714989 [connectionpool.py:_new_conn():975] Starting new HTTPS connection (1): api.wandb.ai:443
2021-01-15 07:38:33,307 DEBUG   SenderThread:714989 [connectionpool.py:_new_conn():975] Starting new HTTPS connection (1): api.wandb.ai:443
2021-01-15 07:43:48,974 DEBUG   SenderThread:714989 [connectionpool.py:_new_conn():975] Starting new HTTPS connection (1): api.wandb.ai:443
2021-01-15 07:49:39,629 DEBUG   SenderThread:714989 [connectionpool.py:_new_conn():975] Starting new HTTPS connection (1): api.wandb.ai:443
2021-01-15 07:55:28,754 DEBUG   SenderThread:714989 [connectionpool.py:_new_conn():975] Starting new HTTPS connection (1): api.wandb.ai:443
2021-01-15 08:01:17,596 DEBUG   SenderThread:714989 [connectionpool.py:_new_conn():975] Starting new HTTPS connection (1): api.wandb.ai:443
2021-01-15 08:07:22,268 DEBUG   SenderThread:714989 [connectionpool.py:_new_conn():975] Starting new HTTPS connection (1): api.wandb.ai:443
2021-01-15 08:13:27,970 DEBUG   SenderThread:714989 [connectionpool.py:_new_conn():975] Starting new HTTPS connection (1): api.wandb.ai:443
2021-01-15 08:19:08,539 DEBUG   SenderThread:714989 [connectionpool.py:_new_conn():975] Starting new HTTPS connection (1): api.wandb.ai:443
2021-01-15 08:25:18,299 DEBUG   SenderThread:714989 [connectionpool.py:_new_conn():975] Starting new HTTPS connection (1): api.wandb.ai:443
2021-01-15 08:30:41,706 DEBUG   SenderThread:714989 [connectionpool.py:_new_conn():975] Starting new HTTPS connection (1): api.wandb.ai:443
2021-01-15 08:35:59,819 DEBUG   SenderThread:714989 [connectionpool.py:_new_conn():975] Starting new HTTPS connection (1): api.wandb.ai:443
2021-01-15 08:42:04,602 DEBUG   SenderThread:714989 [connectionpool.py:_new_conn():975] Starting new HTTPS connection (1): api.wandb.ai:443
2021-01-15 08:47:17,916 DEBUG   SenderThread:714989 [connectionpool.py:_new_conn():975] Starting new HTTPS connection (1): api.wandb.ai:443
2021-01-15 08:53:22,057 DEBUG   SenderThread:714989 [connectionpool.py:_new_conn():975] Starting new HTTPS connection (1): api.wandb.ai:443
2021-01-15 08:59:28,971 DEBUG   SenderThread:714989 [connectionpool.py:_new_conn():975] Starting new HTTPS connection (1): api.wandb.ai:443
2021-01-15 09:05:37,247 DEBUG   SenderThread:714989 [connectionpool.py:_new_conn():975] Starting new HTTPS connection (1): api.wandb.ai:443
2021-01-15 09:10:59,773 DEBUG   SenderThread:714989 [connectionpool.py:_new_conn():975] Starting new HTTPS connection (1): api.wandb.ai:443
2021-01-15 09:16:36,944 DEBUG   SenderThread:714989 [connectionpool.py:_new_conn():975] Starting new HTTPS connection (1): api.wandb.ai:443
2021-01-15 09:21:44,687 DEBUG   SenderThread:714989 [connectionpool.py:_new_conn():975] Starting new HTTPS connection (1): api.wandb.ai:443
2021-01-15 09:27:39,510 DEBUG   SenderThread:714989 [connectionpool.py:_new_conn():975] Starting new HTTPS connection (1): api.wandb.ai:443
2021-01-15 09:33:53,006 DEBUG   SenderThread:714989 [connectionpool.py:_new_conn():975] Starting new HTTPS connection (1): api.wandb.ai:443
2021-01-15 09:39:27,472 DEBUG   SenderThread:714989 [connectionpool.py:_new_conn():975] Starting new HTTPS connection (1): api.wandb.ai:443
2021-01-15 09:45:38,615 DEBUG   SenderThread:714989 [connectionpool.py:_new_conn():975] Starting new HTTPS connection (1): api.wandb.ai:443
2021-01-15 09:51:00,815 DEBUG   SenderThread:714989 [connectionpool.py:_new_conn():975] Starting new HTTPS connection (1): api.wandb.ai:443
2021-01-15 09:57:15,447 DEBUG   SenderThread:714989 [connectionpool.py:_new_conn():975] Starting new HTTPS connection (1): api.wandb.ai:443
2021-01-15 10:02:32,676 DEBUG   SenderThread:714989 [connectionpool.py:_new_conn():975] Starting new HTTPS connection (1): api.wandb.ai:443
2021-01-15 10:08:20,825 DEBUG   SenderThread:714989 [connectionpool.py:_new_conn():975] Starting new HTTPS connection (1): api.wandb.ai:443
2021-01-15 10:13:30,534 DEBUG   SenderThread:714989 [connectionpool.py:_new_conn():975] Starting new HTTPS connection (1): api.wandb.ai:443
2021-01-15 10:19:13,575 DEBUG   SenderThread:714989 [connectionpool.py:_new_conn():975] Starting new HTTPS connection (1): api.wandb.ai:443
2021-01-15 10:24:40,651 DEBUG   SenderThread:714989 [connectionpool.py:_new_conn():975] Starting new HTTPS connection (1): api.wandb.ai:443
2021-01-15 10:30:15,147 DEBUG   SenderThread:714989 [connectionpool.py:_new_conn():975] Starting new HTTPS connection (1): api.wandb.ai:443
2021-01-15 10:35:37,168 DEBUG   SenderThread:714989 [connectionpool.py:_new_conn():975] Starting new HTTPS connection (1): api.wandb.ai:443
2021-01-15 10:41:05,930 DEBUG   SenderThread:714989 [connectionpool.py:_new_conn():975] Starting new HTTPS connection (1): api.wandb.ai:443
2021-01-15 10:47:19,132 DEBUG   SenderThread:714989 [connectionpool.py:_new_conn():975] Starting new HTTPS connection (1): api.wandb.ai:443
2021-01-15 10:53:03,882 DEBUG   SenderThread:714989 [connectionpool.py:_new_conn():975] Starting new HTTPS connection (1): api.wandb.ai:443
2021-01-15 10:58:55,386 DEBUG   SenderThread:714989 [connectionpool.py:_new_conn():975] Starting new HTTPS connection (1): api.wandb.ai:443
2021-01-15 11:04:36,879 DEBUG   SenderThread:714989 [connectionpool.py:_new_conn():975] Starting new HTTPS connection (1): api.wandb.ai:443
2021-01-15 11:10:11,029 DEBUG   SenderThread:714989 [connectionpool.py:_new_conn():975] Starting new HTTPS connection (1): api.wandb.ai:443
2021-01-15 11:15:25,513 DEBUG   SenderThread:714989 [connectionpool.py:_new_conn():975] Starting new HTTPS connection (1): api.wandb.ai:443
2021-01-15 11:20:52,192 DEBUG   SenderThread:714989 [connectionpool.py:_new_conn():975] Starting new HTTPS connection (1): api.wandb.ai:443
2021-01-15 11:26:36,311 DEBUG   SenderThread:714989 [connectionpool.py:_new_conn():975] Starting new HTTPS connection (1): api.wandb.ai:443
2021-01-15 11:31:48,022 DEBUG   SenderThread:714989 [connectionpool.py:_new_conn():975] Starting new HTTPS connection (1): api.wandb.ai:443
2021-01-15 11:37:45,790 DEBUG   SenderThread:714989 [connectionpool.py:_new_conn():975] Starting new HTTPS connection (1): api.wandb.ai:443
2021-01-15 11:43:48,494 DEBUG   SenderThread:714989 [connectionpool.py:_new_conn():975] Starting new HTTPS connection (1): api.wandb.ai:443
2021-01-15 11:49:24,734 DEBUG   SenderThread:714989 [connectionpool.py:_new_conn():975] Starting new HTTPS connection (1): api.wandb.ai:443
2021-01-15 11:55:30,982 DEBUG   SenderThread:714989 [connectionpool.py:_new_conn():975] Starting new HTTPS connection (1): api.wandb.ai:443
2021-01-15 12:01:20,815 DEBUG   SenderThread:714989 [connectionpool.py:_new_conn():975] Starting new HTTPS connection (1): api.wandb.ai:443
2021-01-15 12:06:54,005 DEBUG   SenderThread:714989 [connectionpool.py:_new_conn():975] Starting new HTTPS connection (1): api.wandb.ai:443
2021-01-15 12:13:04,463 DEBUG   SenderThread:714989 [connectionpool.py:_new_conn():975] Starting new HTTPS connection (1): api.wandb.ai:443
2021-01-15 12:18:11,187 DEBUG   SenderThread:714989 [connectionpool.py:_new_conn():975] Starting new HTTPS connection (1): api.wandb.ai:443
2021-01-15 12:24:07,600 DEBUG   SenderThread:714989 [connectionpool.py:_new_conn():975] Starting new HTTPS connection (1): api.wandb.ai:443
2021-01-15 12:30:10,795 DEBUG   SenderThread:714989 [connectionpool.py:_new_conn():975] Starting new HTTPS connection (1): api.wandb.ai:443
2021-01-15 12:35:56,535 DEBUG   SenderThread:714989 [connectionpool.py:_new_conn():975] Starting new HTTPS connection (1): api.wandb.ai:443
2021-01-15 12:41:22,204 DEBUG   SenderThread:714989 [connectionpool.py:_new_conn():975] Starting new HTTPS connection (1): api.wandb.ai:443
2021-01-15 12:47:25,500 DEBUG   SenderThread:714989 [connectionpool.py:_new_conn():975] Starting new HTTPS connection (1): api.wandb.ai:443
2021-01-15 12:53:17,999 DEBUG   SenderThread:714989 [connectionpool.py:_new_conn():975] Starting new HTTPS connection (1): api.wandb.ai:443
2021-01-15 12:59:26,936 DEBUG   SenderThread:714989 [connectionpool.py:_new_conn():975] Starting new HTTPS connection (1): api.wandb.ai:443
2021-01-15 13:05:33,338 DEBUG   SenderThread:714989 [connectionpool.py:_new_conn():975] Starting new HTTPS connection (1): api.wandb.ai:443
2021-01-15 13:11:10,941 DEBUG   SenderThread:714989 [connectionpool.py:_new_conn():975] Starting new HTTPS connection (1): api.wandb.ai:443
2021-01-15 13:16:58,048 DEBUG   SenderThread:714989 [connectionpool.py:_new_conn():975] Starting new HTTPS connection (1): api.wandb.ai:443
2021-01-15 13:22:33,722 DEBUG   SenderThread:714989 [connectionpool.py:_new_conn():975] Starting new HTTPS connection (1): api.wandb.ai:443
2021-01-15 13:27:38,763 DEBUG   SenderThread:714989 [connectionpool.py:_new_conn():975] Starting new HTTPS connection (1): api.wandb.ai:443
2021-01-15 13:33:53,324 DEBUG   SenderThread:714989 [connectionpool.py:_new_conn():975] Starting new HTTPS connection (1): api.wandb.ai:443
2021-01-15 13:39:16,066 DEBUG   SenderThread:714989 [connectionpool.py:_new_conn():975] Starting new HTTPS connection (1): api.wandb.ai:443
2021-01-15 13:45:30,706 DEBUG   SenderThread:714989 [connectionpool.py:_new_conn():975] Starting new HTTPS connection (1): api.wandb.ai:443
2021-01-15 13:51:11,312 DEBUG   SenderThread:714989 [connectionpool.py:_new_conn():975] Starting new HTTPS connection (1): api.wandb.ai:443
2021-01-15 13:56:54,243 DEBUG   SenderThread:714989 [connectionpool.py:_new_conn():975] Starting new HTTPS connection (1): api.wandb.ai:443
2021-01-15 14:02:16,654 DEBUG   SenderThread:714989 [connectionpool.py:_new_conn():975] Starting new HTTPS connection (1): api.wandb.ai:443
2021-01-15 14:07:34,337 DEBUG   SenderThread:714989 [connectionpool.py:_new_conn():975] Starting new HTTPS connection (1): api.wandb.ai:443
2021-01-15 14:12:50,446 DEBUG   SenderThread:714989 [connectionpool.py:_new_conn():975] Starting new HTTPS connection (1): api.wandb.ai:443
2021-01-15 14:17:52,370 DEBUG   SenderThread:714989 [connectionpool.py:_new_conn():975] Starting new HTTPS connection (1): api.wandb.ai:443
2021-01-15 14:23:11,658 DEBUG   SenderThread:714989 [connectionpool.py:_new_conn():975] Starting new HTTPS connection (1): api.wandb.ai:443
2021-01-15 14:28:12,990 DEBUG   SenderThread:714989 [connectionpool.py:_new_conn():975] Starting new HTTPS connection (1): api.wandb.ai:443
2021-01-15 14:33:19,221 DEBUG   SenderThread:714989 [connectionpool.py:_new_conn():975] Starting new HTTPS connection (1): api.wandb.ai:443
2021-01-15 14:39:23,432 DEBUG   SenderThread:714989 [connectionpool.py:_new_conn():975] Starting new HTTPS connection (1): api.wandb.ai:443
2021-01-15 14:45:27,767 DEBUG   SenderThread:714989 [connectionpool.py:_new_conn():975] Starting new HTTPS connection (1): api.wandb.ai:443
2021-01-15 14:51:39,922 DEBUG   SenderThread:714989 [connectionpool.py:_new_conn():975] Starting new HTTPS connection (1): api.wandb.ai:443
2021-01-15 14:56:55,389 DEBUG   SenderThread:714989 [connectionpool.py:_new_conn():975] Starting new HTTPS connection (1): api.wandb.ai:443
2021-01-15 15:02:38,421 DEBUG   SenderThread:714989 [connectionpool.py:_new_conn():975] Starting new HTTPS connection (1): api.wandb.ai:443
2021-01-15 15:08:25,579 DEBUG   SenderThread:714989 [connectionpool.py:_new_conn():975] Starting new HTTPS connection (1): api.wandb.ai:443
2021-01-15 15:14:19,817 DEBUG   SenderThread:714989 [connectionpool.py:_new_conn():975] Starting new HTTPS connection (1): api.wandb.ai:443
2021-01-15 15:19:54,172 DEBUG   SenderThread:714989 [connectionpool.py:_new_conn():975] Starting new HTTPS connection (1): api.wandb.ai:443
2021-01-15 15:25:32,770 DEBUG   SenderThread:714989 [connectionpool.py:_new_conn():975] Starting new HTTPS connection (1): api.wandb.ai:443
2021-01-15 15:31:11,282 DEBUG   SenderThread:714989 [connectionpool.py:_new_conn():975] Starting new HTTPS connection (1): api.wandb.ai:443
2021-01-15 15:36:57,851 DEBUG   SenderThread:714989 [connectionpool.py:_new_conn():975] Starting new HTTPS connection (1): api.wandb.ai:443
2021-01-15 15:42:36,074 DEBUG   SenderThread:714989 [connectionpool.py:_new_conn():975] Starting new HTTPS connection (1): api.wandb.ai:443
2021-01-15 15:48:47,352 DEBUG   SenderThread:714989 [connectionpool.py:_new_conn():975] Starting new HTTPS connection (1): api.wandb.ai:443
2021-01-15 15:54:03,302 DEBUG   SenderThread:714989 [connectionpool.py:_new_conn():975] Starting new HTTPS connection (1): api.wandb.ai:443
2021-01-15 15:59:25,965 DEBUG   SenderThread:714989 [connectionpool.py:_new_conn():975] Starting new HTTPS connection (1): api.wandb.ai:443
2021-01-15 16:05:06,305 DEBUG   SenderThread:714989 [connectionpool.py:_new_conn():975] Starting new HTTPS connection (1): api.wandb.ai:443
2021-01-15 16:10:37,438 DEBUG   SenderThread:714989 [connectionpool.py:_new_conn():975] Starting new HTTPS connection (1): api.wandb.ai:443
2021-01-15 16:16:08,086 DEBUG   SenderThread:714989 [connectionpool.py:_new_conn():975] Starting new HTTPS connection (1): api.wandb.ai:443
2021-01-15 16:21:16,710 DEBUG   SenderThread:714989 [connectionpool.py:_new_conn():975] Starting new HTTPS connection (1): api.wandb.ai:443
2021-01-15 16:26:44,494 DEBUG   SenderThread:714989 [connectionpool.py:_new_conn():975] Starting new HTTPS connection (1): api.wandb.ai:443
2021-01-15 16:32:18,184 DEBUG   SenderThread:714989 [connectionpool.py:_new_conn():975] Starting new HTTPS connection (1): api.wandb.ai:443
2021-01-15 16:37:37,369 DEBUG   SenderThread:714989 [connectionpool.py:_new_conn():975] Starting new HTTPS connection (1): api.wandb.ai:443
2021-01-15 16:43:14,758 DEBUG   SenderThread:714989 [connectionpool.py:_new_conn():975] Starting new HTTPS connection (1): api.wandb.ai:443
2021-01-15 16:48:37,413 DEBUG   SenderThread:714989 [connectionpool.py:_new_conn():975] Starting new HTTPS connection (1): api.wandb.ai:443
2021-01-15 16:54:17,825 DEBUG   SenderThread:714989 [connectionpool.py:_new_conn():975] Starting new HTTPS connection (1): api.wandb.ai:443
2021-01-15 16:59:41,147 DEBUG   SenderThread:714989 [connectionpool.py:_new_conn():975] Starting new HTTPS connection (1): api.wandb.ai:443
2021-01-15 17:05:41,709 DEBUG   SenderThread:714989 [connectionpool.py:_new_conn():975] Starting new HTTPS connection (1): api.wandb.ai:443
2021-01-15 17:11:06,526 DEBUG   SenderThread:714989 [connectionpool.py:_new_conn():975] Starting new HTTPS connection (1): api.wandb.ai:443
2021-01-15 17:16:24,188 DEBUG   SenderThread:714989 [connectionpool.py:_new_conn():975] Starting new HTTPS connection (1): api.wandb.ai:443
2021-01-15 17:22:07,064 DEBUG   SenderThread:714989 [connectionpool.py:_new_conn():975] Starting new HTTPS connection (1): api.wandb.ai:443
2021-01-15 17:27:35,508 DEBUG   SenderThread:714989 [connectionpool.py:_new_conn():975] Starting new HTTPS connection (1): api.wandb.ai:443
2021-01-15 17:33:34,543 DEBUG   SenderThread:714989 [connectionpool.py:_new_conn():975] Starting new HTTPS connection (1): api.wandb.ai:443
2021-01-15 17:39:45,064 DEBUG   SenderThread:714989 [connectionpool.py:_new_conn():975] Starting new HTTPS connection (1): api.wandb.ai:443
2021-01-15 17:45:11,424 DEBUG   SenderThread:714989 [connectionpool.py:_new_conn():975] Starting new HTTPS connection (1): api.wandb.ai:443
2021-01-15 17:50:45,222 DEBUG   SenderThread:714989 [connectionpool.py:_new_conn():975] Starting new HTTPS connection (1): api.wandb.ai:443
2021-01-15 17:56:20,670 DEBUG   SenderThread:714989 [connectionpool.py:_new_conn():975] Starting new HTTPS connection (1): api.wandb.ai:443
2021-01-15 18:02:35,478 DEBUG   SenderThread:714989 [connectionpool.py:_new_conn():975] Starting new HTTPS connection (1): api.wandb.ai:443
2021-01-15 18:08:48,726 DEBUG   SenderThread:714989 [connectionpool.py:_new_conn():975] Starting new HTTPS connection (1): api.wandb.ai:443
2021-01-15 18:14:36,739 DEBUG   SenderThread:714989 [connectionpool.py:_new_conn():975] Starting new HTTPS connection (1): api.wandb.ai:443
2021-01-15 18:20:23,000 DEBUG   SenderThread:714989 [connectionpool.py:_new_conn():975] Starting new HTTPS connection (1): api.wandb.ai:443
2021-01-15 18:25:27,183 DEBUG   SenderThread:714989 [connectionpool.py:_new_conn():975] Starting new HTTPS connection (1): api.wandb.ai:443
2021-01-15 18:30:57,272 DEBUG   SenderThread:714989 [connectionpool.py:_new_conn():975] Starting new HTTPS connection (1): api.wandb.ai:443
2021-01-15 18:36:05,926 DEBUG   SenderThread:714989 [connectionpool.py:_new_conn():975] Starting new HTTPS connection (1): api.wandb.ai:443
2021-01-15 18:42:06,888 DEBUG   SenderThread:714989 [connectionpool.py:_new_conn():975] Starting new HTTPS connection (1): api.wandb.ai:443
2021-01-15 18:47:10,969 DEBUG   SenderThread:714989 [connectionpool.py:_new_conn():975] Starting new HTTPS connection (1): api.wandb.ai:443
2021-01-15 18:52:49,309 DEBUG   SenderThread:714989 [connectionpool.py:_new_conn():975] Starting new HTTPS connection (1): api.wandb.ai:443
2021-01-15 18:58:06,099 DEBUG   SenderThread:714989 [connectionpool.py:_new_conn():975] Starting new HTTPS connection (1): api.wandb.ai:443
2021-01-15 19:04:07,849 DEBUG   SenderThread:714989 [connectionpool.py:_new_conn():975] Starting new HTTPS connection (1): api.wandb.ai:443
2021-01-15 19:09:34,070 DEBUG   SenderThread:714989 [connectionpool.py:_new_conn():975] Starting new HTTPS connection (1): api.wandb.ai:443
2021-01-15 19:15:17,321 DEBUG   SenderThread:714989 [connectionpool.py:_new_conn():975] Starting new HTTPS connection (1): api.wandb.ai:443
2021-01-15 19:21:16,563 DEBUG   SenderThread:714989 [connectionpool.py:_new_conn():975] Starting new HTTPS connection (1): api.wandb.ai:443
2021-01-15 19:26:56,132 DEBUG   SenderThread:714989 [connectionpool.py:_new_conn():975] Starting new HTTPS connection (1): api.wandb.ai:443
2021-01-15 19:32:24,046 DEBUG   SenderThread:714989 [connectionpool.py:_new_conn():975] Starting new HTTPS connection (1): api.wandb.ai:443
2021-01-15 19:37:40,162 DEBUG   SenderThread:714989 [connectionpool.py:_new_conn():975] Starting new HTTPS connection (1): api.wandb.ai:443
2021-01-15 19:43:11,189 DEBUG   SenderThread:714989 [connectionpool.py:_new_conn():975] Starting new HTTPS connection (1): api.wandb.ai:443
2021-01-15 19:48:28,245 DEBUG   SenderThread:714989 [connectionpool.py:_new_conn():975] Starting new HTTPS connection (1): api.wandb.ai:443
2021-01-15 19:54:13,339 DEBUG   SenderThread:714989 [connectionpool.py:_new_conn():975] Starting new HTTPS connection (1): api.wandb.ai:443
2021-01-15 19:59:22,891 DEBUG   SenderThread:714989 [connectionpool.py:_new_conn():975] Starting new HTTPS connection (1): api.wandb.ai:443
2021-01-15 20:04:56,737 DEBUG   SenderThread:714989 [connectionpool.py:_new_conn():975] Starting new HTTPS connection (1): api.wandb.ai:443
